This file contains any messages produced by compilers while
running configure, to aid debugging if configure makes a mistake.

It was created by configure, which was
generated by GNU Autoconf 2.57.  Invocation command line was

  $ ./configure --prefix=/usr/local --cache-file=/dev/null --srcdir=.

## --------- ##
## Platform. ##
## --------- ##

hostname = Riptide.local
uname -m = x86_64
uname -r = 15.3.0
uname -s = Darwin
uname -v = Darwin Kernel Version 15.3.0: Thu Dec 10 18:40:58 PST 2015; root:xnu-3248.30.4~1/RELEASE_X86_64

/usr/bin/uname -p = i386
/bin/uname -X     = unknown

/bin/arch              = unknown
/usr/bin/arch -k       = unknown
/usr/convex/getsysinfo = unknown
hostinfo               = Mach kernel version:
	 Darwin Kernel Version 15.3.0: Thu Dec 10 18:40:58 PST 2015; root:xnu-3248.30.4~1/RELEASE_X86_64
Kernel configured for up to 4 processors.
2 processors are physically available.
4 processors are logically available.
Processor type: x86_64h (Intel x86-64h Haswell)
Processors active: 0 1 2 3
Primary memory available: 8.00 gigabytes
Default processor set: 333 tasks, 1420 threads, 4 processors
Load average: 2.94, Mach factor: 1.52
/bin/machine           = unknown
/usr/bin/oslevel       = unknown
/bin/universe          = unknown

PATH: /Users/prashantsinha/.gopath//bin
PATH: /Users/prashantsinha/.local/bin
PATH: /usr/local/bin
PATH: /usr/bin
PATH: /bin
PATH: /usr/sbin
PATH: /sbin
PATH: /opt/X11/bin
PATH: /usr/local/go/bin
PATH: /Library/TeX/texbin


## ----------- ##
## Core tests. ##
## ----------- ##

configure:1311: checking for a BSD-compatible install
configure:1365: result: /usr/bin/install -c
configure:1376: checking whether build environment is sane
configure:1419: result: yes
configure:1452: checking for gawk
configure:1481: result: no
configure:1452: checking for mawk
configure:1481: result: no
configure:1452: checking for nawk
configure:1481: result: no
configure:1452: checking for awk
configure:1468: found /usr/bin/awk
configure:1478: result: awk
configure:1488: checking whether make sets $(MAKE)
configure:1508: result: yes
configure:1705: checking for g++
configure:1721: found /usr/bin/g++
configure:1731: result: g++
configure:1747: checking for C++ compiler version
configure:1750: g++ --version </dev/null >&5
Configured with: --prefix=/Applications/Xcode.app/Contents/Developer/usr --with-gxx-include-dir=/usr/include/c++/4.2.1
Apple LLVM version 7.0.2 (clang-700.1.81)
Target: x86_64-apple-darwin15.3.0
Thread model: posix
configure:1753: $? = 0
configure:1755: g++ -v </dev/null >&5
Configured with: --prefix=/Applications/Xcode.app/Contents/Developer/usr --with-gxx-include-dir=/usr/include/c++/4.2.1
Apple LLVM version 7.0.2 (clang-700.1.81)
Target: x86_64-apple-darwin15.3.0
Thread model: posix
configure:1758: $? = 0
configure:1760: g++ -V </dev/null >&5
clang: error: argument to '-V' is missing (expected 1 value)
clang: error: no input files
configure:1763: $? = 1
configure:1787: checking for C++ compiler default output
configure:1790: g++    conftest.cc  >&5
configure:1793: $? = 0
configure:1839: result: a.out
configure:1844: checking whether the C++ compiler works
configure:1850: ./a.out
configure:1853: $? = 0
configure:1870: result: yes
configure:1877: checking whether we are cross compiling
configure:1879: result: no
configure:1882: checking for suffix of executables
configure:1884: g++ -o conftest    conftest.cc  >&5
configure:1887: $? = 0
configure:1912: result: 
configure:1918: checking for suffix of object files
configure:1940: g++ -c   conftest.cc >&5
configure:1943: $? = 0
configure:1965: result: o
configure:1969: checking whether we are using the GNU C++ compiler
configure:1994: g++ -c   conftest.cc >&5
configure:1997: $? = 0
configure:2000: test -s conftest.o
configure:2003: $? = 0
configure:2016: result: yes
configure:2022: checking whether g++ accepts -g
configure:2044: g++ -c -g  conftest.cc >&5
configure:2047: $? = 0
configure:2050: test -s conftest.o
configure:2053: $? = 0
configure:2064: result: yes
configure:2108: g++ -c -g -O2  conftest.cc >&5
configure:2111: $? = 0
configure:2114: test -s conftest.o
configure:2117: $? = 0
configure:2144: g++ -c -g -O2  conftest.cc >&5
configure:2141:1: error: use of undeclared identifier 'exit'
exit (42);
^
1 error generated.
configure:2147: $? = 1
configure: failed program was:
| #line 2127 "configure"
| /* confdefs.h.  */
| 
| #define PACKAGE_NAME ""
| #define PACKAGE_TARNAME ""
| #define PACKAGE_VERSION ""
| #define PACKAGE_STRING ""
| #define PACKAGE_BUGREPORT ""
| #define PACKAGE "tclap"
| #define VERSION "1.0.5"
| /* end confdefs.h.  */
| 
| int
| main ()
| {
| exit (42);
|   ;
|   return 0;
| }
configure:2108: g++ -c -g -O2  conftest.cc >&5
configure:2111: $? = 0
configure:2114: test -s conftest.o
configure:2117: $? = 0
configure:2144: g++ -c -g -O2  conftest.cc >&5
configure:2147: $? = 0
configure:2150: test -s conftest.o
configure:2153: $? = 0
configure:2195: checking for style of include used by make
configure:2223: result: GNU
configure:2251: checking dependency style of g++
configure:2313: result: gcc3
configure:2319: checking whether the compiler implements namespaces
configure:2349: g++ -c -g -O2  conftest.cc >&5
configure:2352: $? = 0
configure:2355: test -s conftest.o
configure:2358: $? = 0
configure:2376: result: yes
configure:2386: checking whether the compiler has stringstream
configure:2420: g++ -c -g -O2  conftest.cc >&5
configure:2423: $? = 0
configure:2426: test -s conftest.o
configure:2429: $? = 0
configure:2447: result: yes
configure:2462: checking how to run the C++ preprocessor
configure:2494: g++ -E  conftest.cc
configure:2500: $? = 0
configure:2532: g++ -E  conftest.cc
configure:2538:10: fatal error: 'ac_nonexistent.h' file not found
#include <ac_nonexistent.h>
         ^
1 error generated.
configure:2538: $? = 1
configure: failed program was:
| #line 2523 "configure"
| /* confdefs.h.  */
| 
| #define PACKAGE_NAME ""
| #define PACKAGE_TARNAME ""
| #define PACKAGE_VERSION ""
| #define PACKAGE_STRING ""
| #define PACKAGE_BUGREPORT ""
| #define PACKAGE "tclap"
| #define VERSION "1.0.5"
| #ifdef __cplusplus
| #include <stdlib.h>
| #endif
| #define HAVE_NAMESPACES 1
| #define HAVE_SSTREAM 1
| /* end confdefs.h.  */
| #include <ac_nonexistent.h>
configure:2576: result: g++ -E
configure:2601: g++ -E  conftest.cc
configure:2607: $? = 0
configure:2639: g++ -E  conftest.cc
configure:2645:10: fatal error: 'ac_nonexistent.h' file not found
#include <ac_nonexistent.h>
         ^
1 error generated.
configure:2645: $? = 1
configure: failed program was:
| #line 2630 "configure"
| /* confdefs.h.  */
| 
| #define PACKAGE_NAME ""
| #define PACKAGE_TARNAME ""
| #define PACKAGE_VERSION ""
| #define PACKAGE_STRING ""
| #define PACKAGE_BUGREPORT ""
| #define PACKAGE "tclap"
| #define VERSION "1.0.5"
| #ifdef __cplusplus
| #include <stdlib.h>
| #endif
| #define HAVE_NAMESPACES 1
| #define HAVE_SSTREAM 1
| /* end confdefs.h.  */
| #include <ac_nonexistent.h>
configure:2688: checking for egrep
configure:2698: result: grep -E
configure:2703: checking for ANSI C header files
configure:2729: g++ -c -g -O2  conftest.cc >&5
configure:2732: $? = 0
configure:2735: test -s conftest.o
configure:2738: $? = 0
configure:2830: g++ -o conftest -g -O2   conftest.cc  >&5
configure:2833: $? = 0
configure:2835: ./conftest
configure:2838: $? = 0
configure:2853: result: yes
configure:2877: checking for sys/types.h
configure:2894: g++ -c -g -O2  conftest.cc >&5
configure:2897: $? = 0
configure:2900: test -s conftest.o
configure:2903: $? = 0
configure:2914: result: yes
configure:2877: checking for sys/stat.h
configure:2894: g++ -c -g -O2  conftest.cc >&5
configure:2897: $? = 0
configure:2900: test -s conftest.o
configure:2903: $? = 0
configure:2914: result: yes
configure:2877: checking for stdlib.h
configure:2894: g++ -c -g -O2  conftest.cc >&5
configure:2897: $? = 0
configure:2900: test -s conftest.o
configure:2903: $? = 0
configure:2914: result: yes
configure:2877: checking for string.h
configure:2894: g++ -c -g -O2  conftest.cc >&5
configure:2897: $? = 0
configure:2900: test -s conftest.o
configure:2903: $? = 0
configure:2914: result: yes
configure:2877: checking for memory.h
configure:2894: g++ -c -g -O2  conftest.cc >&5
configure:2897: $? = 0
configure:2900: test -s conftest.o
configure:2903: $? = 0
configure:2914: result: yes
configure:2877: checking for strings.h
configure:2894: g++ -c -g -O2  conftest.cc >&5
configure:2897: $? = 0
configure:2900: test -s conftest.o
configure:2903: $? = 0
configure:2914: result: yes
configure:2877: checking for inttypes.h
configure:2894: g++ -c -g -O2  conftest.cc >&5
configure:2897: $? = 0
configure:2900: test -s conftest.o
configure:2903: $? = 0
configure:2914: result: yes
configure:2877: checking for stdint.h
configure:2894: g++ -c -g -O2  conftest.cc >&5
configure:2897: $? = 0
configure:2900: test -s conftest.o
configure:2903: $? = 0
configure:2914: result: yes
configure:2877: checking for unistd.h
configure:2894: g++ -c -g -O2  conftest.cc >&5
configure:2897: $? = 0
configure:2900: test -s conftest.o
configure:2903: $? = 0
configure:2914: result: yes
configure:2926: checking whether the library defines class strstream
configure:2954: checking strstream usability
configure:2967: g++ -c -g -O2  conftest.cc >&5
configure:2970: $? = 0
configure:2973: test -s conftest.o
configure:2976: $? = 0
configure:2986: result: yes
configure:2990: checking strstream presence
configure:3001: g++ -E  conftest.cc
configure:3007: $? = 0
configure:3026: result: yes
configure:3062: checking for strstream
configure:3069: result: yes
configure:3107: g++ -c -g -O2  conftest.cc >&5
configure:3110: $? = 0
configure:3113: test -s conftest.o
configure:3116: $? = 0
configure:3134: result: yes
configure:3146: checking for dot
configure:3162: found /usr/local/bin/dot
configure:3173: result: YES
configure:3221: checking for ranlib
configure:3237: found /usr/bin/ranlib
configure:3248: result: ranlib
configure:3272: checking for a BSD-compatible install
configure:3326: result: /usr/bin/install -c
configure:3348: checking for doxygen
configure:3381: result: no
configure:3518: creating ./config.status

## ---------------------- ##
## Running config.status. ##
## ---------------------- ##

This file was extended by config.status, which was
generated by GNU Autoconf 2.57.  Invocation command line was

  CONFIG_FILES    = 
  CONFIG_HEADERS  = 
  CONFIG_LINKS    = 
  CONFIG_COMMANDS = 
  $ ./config.status 

on Riptide.local

config.status:663: creating Makefile
config.status:663: creating examples/Makefile
config.status:663: creating include/Makefile
config.status:663: creating include/tclap/Makefile
config.status:663: creating docs/Makefile
config.status:663: creating docs/Doxyfile
config.status:663: creating msc/Makefile
config.status:663: creating msc/examples/Makefile
config.status:663: creating tests/Makefile
config.status:767: creating config/config.h
config.status:880: config/config.h is unchanged
config.status:986: executing depfiles commands
config.status:986: executing default commands

## ---------------- ##
## Cache variables. ##
## ---------------- ##

ac_cv_cxx_compiler_gnu=yes
ac_cv_cxx_have_class_strstream=yes
ac_cv_cxx_have_sstream=yes
ac_cv_cxx_namespaces=yes
ac_cv_env_CPPFLAGS_set=
ac_cv_env_CPPFLAGS_value=
ac_cv_env_CXXCPP_set=
ac_cv_env_CXXCPP_value=
ac_cv_env_CXXFLAGS_set=
ac_cv_env_CXXFLAGS_value=
ac_cv_env_CXX_set=
ac_cv_env_CXX_value=
ac_cv_env_LDFLAGS_set=
ac_cv_env_LDFLAGS_value=
ac_cv_env_build_alias_set=
ac_cv_env_build_alias_value=
ac_cv_env_host_alias_set=
ac_cv_env_host_alias_value=
ac_cv_env_target_alias_set=
ac_cv_env_target_alias_value=
ac_cv_exeext=
ac_cv_header_inttypes_h=yes
ac_cv_header_memory_h=yes
ac_cv_header_stdc=yes
ac_cv_header_stdint_h=yes
ac_cv_header_stdlib_h=yes
ac_cv_header_string_h=yes
ac_cv_header_strings_h=yes
ac_cv_header_strstream=yes
ac_cv_header_sys_stat_h=yes
ac_cv_header_sys_types_h=yes
ac_cv_header_unistd_h=yes
ac_cv_objext=o
ac_cv_path_install='/usr/bin/install -c'
ac_cv_prog_AWK=awk
ac_cv_prog_CXXCPP='g++ -E'
ac_cv_prog_DOT=YES
ac_cv_prog_ac_ct_CXX=g++
ac_cv_prog_ac_ct_RANLIB=ranlib
ac_cv_prog_cxx_g=yes
ac_cv_prog_egrep='grep -E'
ac_cv_prog_make_make_set=yes
am_cv_CXX_dependencies_compiler_type=gcc3

## ----------------- ##
## Output variables. ##
## ----------------- ##

ACLOCAL='${SHELL} /Users/prashantsinha/Repository/Stage/spatt-1.2.2/tclap-1.0.5/config/missing --run aclocal-1.6'
AMDEPBACKSLASH='\'
AMDEP_FALSE='#'
AMDEP_TRUE=''
AMTAR='${SHELL} /Users/prashantsinha/Repository/Stage/spatt-1.2.2/tclap-1.0.5/config/missing --run tar'
AUTOCONF='${SHELL} /Users/prashantsinha/Repository/Stage/spatt-1.2.2/tclap-1.0.5/config/missing --run autoconf'
AUTOHEADER='${SHELL} /Users/prashantsinha/Repository/Stage/spatt-1.2.2/tclap-1.0.5/config/missing --run autoheader'
AUTOMAKE='${SHELL} /Users/prashantsinha/Repository/Stage/spatt-1.2.2/tclap-1.0.5/config/missing --run automake-1.6'
AWK='awk'
CPPFLAGS=''
CXX='g++'
CXXCPP='g++ -E'
CXXDEPMODE='depmode=gcc3'
CXXFLAGS='-g -O2'
DEFS='-DHAVE_CONFIG_H'
DEPDIR='.deps'
DOC_FALSE=''
DOC_TRUE='#'
DOT='YES'
DOXYGEN=''
ECHO_C='ECHO_N=''
ECHO_T=''
EGREP='grep -E'
EXEEXT=''
INSTALL_DATA='${INSTALL} -m 644'
INSTALL_PROGRAM='${INSTALL}'
INSTALL_SCRIPT='${INSTALL}'
INSTALL_STRIP_PROGRAM='${SHELL} $(install_sh) -c -s'
LDFLAGS=''
LIBOBJS=''
LIBS=''
LTLIBOBJS=''
MAKEINFO='${SHELL} /Users/prashantsinha/Repository/Stage/spatt-1.2.2/tclap-1.0.5/config/missing --run makeinfo'
OBJEXT='o'
PACKAGE='tclap'
PACKAGE_BUGREPORT=''
PACKAGE_NAME=''
PACKAGE_STRING=''
PACKAGE_TARNAME=''
PACKAGE_VERSION=''
PATH_SEPARATOR=':'
RANLIB='ranlib'
SET_MAKE=''
SHELL='/bin/sh'
STRIP=''
VERSION='1.0.5'
ac_ct_CXX='g++'
ac_ct_RANLIB='ranlib'
ac_ct_STRIP=''
am__include='include'
am__quote=''
bindir='${exec_prefix}/bin'
build_alias=''
datadir='${prefix}/share'
exec_prefix='${prefix}'
host_alias=''
includedir='${prefix}/include'
infodir='${prefix}/info'
install_sh='/Users/prashantsinha/Repository/Stage/spatt-1.2.2/tclap-1.0.5/config/install-sh'
libdir='${exec_prefix}/lib'
libexecdir='${exec_prefix}/libexec'
localstatedir='${prefix}/var'
mandir='${prefix}/man'
oldincludedir='/usr/include'
prefix='/usr/local'
program_transform_name='s,x,x,'
sbindir='${exec_prefix}/sbin'
sharedstatedir='${prefix}/com'
sysconfdir='${prefix}/etc'
target_alias=''

## ----------- ##
## confdefs.h. ##
## ----------- ##

#define HAVE_CLASS_STRSTREAM 1
#define HAVE_INTTYPES_H 1
#define HAVE_MEMORY_H 1
#define HAVE_NAMESPACES 1
#define HAVE_SSTREAM 1
#define HAVE_STDINT_H 1
#define HAVE_STDLIB_H 1
#define HAVE_STRINGS_H 1
#define HAVE_STRING_H 1
#define HAVE_STRSTREAM 1
#define HAVE_SYS_STAT_H 1
#define HAVE_SYS_TYPES_H 1
#define HAVE_UNISTD_H 1
#define PACKAGE "tclap"
#define PACKAGE_BUGREPORT ""
#define PACKAGE_NAME ""
#define PACKAGE_STRING ""
#define PACKAGE_TARNAME ""
#define PACKAGE_VERSION ""
#define STDC_HEADERS 1
#define VERSION "1.0.5"
#endif
#ifdef __cplusplus
#include <stdlib.h>

configure: exit 0
